<?xml version="1.0" encoding="UTF-8"?>
<!-- Generated by org.testng.reporters.JUnitReportReporter -->
<testsuite skipped="0" hostname="XIPL0575" name="connection.Connection" tests="1" failures="0" timestamp="02 Apr 2018 14:19:31 GMT" time="9.815" errors="0">
  <testcase name="connect" time="9.815" classname="connection.Connection"/>
</testsuite> <!-- connection.Connection -->
