<?xml version="1.0" encoding="UTF-8"?>
<!-- Generated by org.testng.reporters.JUnitReportReporter -->
<testsuite skipped="0" hostname="XIPL0575" name="com.qa.tests.HomepPageTest" tests="5" failures="0" timestamp="21 Jun 2018 13:34:45 GMT" time="41.350" errors="0">
  <testcase name="navigateToSocialTest" time="6.857" classname="com.qa.tests.HomepPageTest"/>
  <testcase name="verifyLogoTest" time="6.734" classname="com.qa.tests.HomepPageTest"/>
  <testcase name="validateSearchIconTest" time="10.047" classname="com.qa.tests.HomepPageTest"/>
  <testcase name="loginTitleTest" time="6.532" classname="com.qa.tests.HomepPageTest"/>
  <testcase name="validatecheckCityTest" time="11.180" classname="com.qa.tests.HomepPageTest"/>
</testsuite> <!-- com.qa.tests.HomepPageTest -->
