<?xml version="1.0" encoding="UTF-8"?>
<!-- Generated by org.testng.reporters.JUnitReportReporter -->
<testsuite skipped="0" hostname="XIPL0575" name="Login" tests="1" failures="0" timestamp="02 Apr 2018 14:04:10 GMT" time="0.006" errors="0">
  <testcase name="test" time="0.006" classname="Login"/>
</testsuite> <!-- Login -->
